  [1m[35m (1.2ms)[0m  [1m[35mSET NAMES utf8,  @@SESSION.sql_mode = CONCAT(CONCAT(@@sql_mode, ',STRICT_ALL_TABLES'), ',NO_AUTO_VALUE_ON_ZERO'),  @@SESSION.sql_auto_is_null = 0, @@SESSION.wait_timeout = 2147483[0m
  â†³ .bundle/ruby/2.6.0/bin/rake:23
  [1m[35m (15.2ms)[0m  [1m[35mCREATE DATABASE `sample13_development` DEFAULT CHARACTER SET `utf8`[0m
  â†³ .bundle/ruby/2.6.0/bin/rake:23
  [1m[35m (0.9ms)[0m  [1m[35mSET NAMES utf8,  @@SESSION.sql_mode = CONCAT(CONCAT(@@sql_mode, ',STRICT_ALL_TABLES'), ',NO_AUTO_VALUE_ON_ZERO'),  @@SESSION.sql_auto_is_null = 0, @@SESSION.wait_timeout = 2147483[0m
  â†³ .bundle/ruby/2.6.0/bin/rake:23
  [1m[35m (9.1ms)[0m  [1m[35mCREATE DATABASE `sample13_test` DEFAULT CHARACTER SET `utf8`[0m
  â†³ .bundle/ruby/2.6.0/bin/rake:23
  [1m[35m (1.6ms)[0m  [1m[35mSET NAMES utf8,  @@SESSION.sql_mode = CONCAT(CONCAT(@@sql_mode, ',STRICT_ALL_TABLES'), ',NO_AUTO_VALUE_ON_ZERO'),  @@SESSION.sql_auto_is_null = 0, @@SESSION.wait_timeout = 2147483[0m
  â†³ .bundle/ruby/2.6.0/bin/rake:23
  [1m[35m (99.0ms)[0m  [1m[35mCREATE TABLE `schema_migrations` (`version` varchar(255) NOT NULL PRIMARY KEY)[0m
  â†³ .bundle/ruby/2.6.0/bin/rake:23
  [1m[35m (31.0ms)[0m  [1m[35mCREATE TABLE `ar_internal_metadata` (`key` varchar(255) NOT NULL PRIMARY KEY, `value` varchar(255), `created_at` datetime NOT NULL, `updated_at` datetime NOT NULL)[0m
  â†³ .bundle/ruby/2.6.0/bin/rake:23
  [1m[35m (0.2ms)[0m  [1m[34mSELECT GET_LOCK('1276119942765436860', 0)[0m
  â†³ .bundle/ruby/2.6.0/bin/rake:23
  [1m[35m (5.2ms)[0m  [1m[34mSELECT `schema_migrations`.`version` FROM `schema_migrations` ORDER BY `schema_migrations`.`version` ASC[0m
  â†³ .bundle/ruby/2.6.0/bin/rake:23
Migrating to CreateUsers (20200320001923)
  [1m[35m (24.2ms)[0m  [1m[35mCREATE TABLE `users` (`id` bigint NOT NULL AUTO_INCREMENT PRIMARY KEY, `name` varchar(255), `age` int, `created_at` datetime NOT NULL, `updated_at` datetime NOT NULL)[0m
  â†³ db/migrate/20200320001923_create_users.rb:3
  [1m[35m (0.3ms)[0m  [1m[35mBEGIN[0m
  â†³ .bundle/ruby/2.6.0/bin/rake:23
  [1m[36mActiveRecord::SchemaMigration Create (0.4ms)[0m  [1m[32mINSERT INTO `schema_migrations` (`version`) VALUES ('20200320001923')[0m
  â†³ .bundle/ruby/2.6.0/bin/rake:23
  [1m[35m (1.2ms)[0m  [1m[35mCOMMIT[0m
  â†³ .bundle/ruby/2.6.0/bin/rake:23
  [1m[36mActiveRecord::InternalMetadata Load (4.4ms)[0m  [1m[34mSELECT  `ar_internal_metadata`.* FROM `ar_internal_metadata` WHERE `ar_internal_metadata`.`key` = 'environment' LIMIT 1[0m
  â†³ .bundle/ruby/2.6.0/bin/rake:23
  [1m[35m (0.2ms)[0m  [1m[35mBEGIN[0m
  â†³ .bundle/ruby/2.6.0/bin/rake:23
  [1m[36mActiveRecord::InternalMetadata Create (0.3ms)[0m  [1m[32mINSERT INTO `ar_internal_metadata` (`key`, `value`, `created_at`, `updated_at`) VALUES ('environment', 'development', '2020-03-20 00:20:12', '2020-03-20 00:20:12')[0m
  â†³ .bundle/ruby/2.6.0/bin/rake:23
  [1m[35m (1.7ms)[0m  [1m[35mCOMMIT[0m
  â†³ .bundle/ruby/2.6.0/bin/rake:23
  [1m[35m (0.4ms)[0m  [1m[34mSELECT RELEASE_LOCK('1276119942765436860')[0m
  â†³ .bundle/ruby/2.6.0/bin/rake:23
  [1m[35m (0.3ms)[0m  [1m[34mSELECT `schema_migrations`.`version` FROM `schema_migrations` ORDER BY `schema_migrations`.`version` ASC[0m
  â†³ .bundle/ruby/2.6.0/bin/rake:23
Started GET "/" for ::1 at 2020-03-20 09:28:18 +0900
  [1m[35m (3.5ms)[0m  [1m[35mSET NAMES utf8,  @@SESSION.sql_mode = CONCAT(CONCAT(@@sql_mode, ',STRICT_ALL_TABLES'), ',NO_AUTO_VALUE_ON_ZERO'),  @@SESSION.sql_auto_is_null = 0, @@SESSION.wait_timeout = 2147483[0m
  â†³ .bundle/ruby/2.6.0/gems/activerecord-5.2.4.2/lib/active_record/log_subscriber.rb:98
  [1m[35m (0.5ms)[0m  [1m[34mSELECT `schema_migrations`.`version` FROM `schema_migrations` ORDER BY `schema_migrations`.`version` ASC[0m
  â†³ .bundle/ruby/2.6.0/gems/activerecord-5.2.4.2/lib/active_record/log_subscriber.rb:98
Processing by Rails::WelcomeController#index as HTML
  Rendering .bundle/ruby/2.6.0/gems/railties-5.2.4.2/lib/rails/templates/rails/welcome/index.html.erb
  Rendered .bundle/ruby/2.6.0/gems/railties-5.2.4.2/lib/rails/templates/rails/welcome/index.html.erb (5.5ms)
Completed 200 OK in 31ms (Views: 18.1ms | ActiveRecord: 0.0ms)


Started GET "/users/new" for ::1 at 2020-03-20 09:28:26 +0900
Processing by UsersController#new as HTML
  Rendering users/new.html.erb within layouts/application
  Rendered users/new.html.erb within layouts/application (53.2ms)
Completed 200 OK in 923ms (Views: 878.5ms | ActiveRecord: 20.4ms)


Started POST "/users" for ::1 at 2020-03-20 09:28:33 +0900
Processing by UsersController#create as HTML
  Parameters: {"utf8"=>"âœ“", "authenticity_token"=>"NssPl/Ebmkb1Vmi5mM7lJo3e+4HTdpomtRa4S5QDEcqUQS7/HGClqpBs0T8JiN9dlPmSRsPnrQtFkXuy6BFAjw==", "user"=>{"name"=>"saito"}, "commit"=>"Create User"}
  [1m[35m (0.2ms)[0m  [1m[35mBEGIN[0m
  â†³ app/controllers/users_controller.rb:12
  [1m[36mUser Create (2.5ms)[0m  [1m[32mINSERT INTO `users` (`name`, `created_at`, `updated_at`) VALUES ('saito', '2020-03-20 00:28:33', '2020-03-20 00:28:33')[0m
  â†³ app/controllers/users_controller.rb:12
  [1m[35m (2.1ms)[0m  [1m[35mCOMMIT[0m
  â†³ app/controllers/users_controller.rb:12
  Rendering users/create.html.erb within layouts/application
  Rendered users/create.html.erb within layouts/application (0.6ms)
Completed 200 OK in 29ms (Views: 16.3ms | ActiveRecord: 4.8ms)


Started GET "/users" for ::1 at 2020-03-20 09:28:34 +0900
Processing by UsersController#index as HTML
  Rendering users/index.html.erb within layouts/application
  Rendered users/index.html.erb within layouts/application (2.2ms)
Completed 500 Internal Server Error in 13ms (ActiveRecord: 0.0ms)


  
SyntaxError (/Users/noriyukim/Desktop/t/sample13/app/views/users/index.html.erb:6: syntax error, unexpected tSTRING_BEG, expecting do or '{' or '('
...ethod: :delete, data: {confirm"å‰Šé™¤ã—ã¦ã‚‚è‰¯ã„ã§ã™...
...                              ^
/Users/noriyukim/Desktop/t/sample13/app/views/users/index.html.erb:6: syntax error, unexpected '}', expecting ')'
...é™¤ã—ã¦ã‚‚è‰¯ã„ã§ã™ã‹ï¼Ÿ"} );@output_buffer.safe_append...
...                               ^
/Users/noriyukim/Desktop/t/sample13/app/views/users/index.html.erb:8: syntax error, unexpected end, expecting ')'
'.freeze;  end 
           ^~~
/Users/noriyukim/Desktop/t/sample13/app/views/users/index.html.erb:10: syntax error, unexpected ensure, expecting ')'
          ensure
          ^~~~~~
/Users/noriyukim/Desktop/t/sample13/app/views/users/index.html.erb:12: syntax error, unexpected end, expecting ')'
          end
          ^~~):
  
app/views/users/index.html.erb:6: syntax error, unexpected tSTRING_BEG, expecting do or '{' or '('
app/views/users/index.html.erb:6: syntax error, unexpected '}', expecting ')'
app/views/users/index.html.erb:8: syntax error, unexpected end, expecting ')'
app/views/users/index.html.erb:10: syntax error, unexpected ensure, expecting ')'
app/views/users/index.html.erb:12: syntax error, unexpected end, expecting ')'
Started GET "/users" for ::1 at 2020-03-20 09:30:25 +0900
Processing by UsersController#index as HTML
  Rendering users/index.html.erb within layouts/application
  [1m[36mUser Load (0.5ms)[0m  [1m[34mSELECT `users`.* FROM `users`[0m
  â†³ app/views/users/index.html.erb:2
  Rendered users/index.html.erb within layouts/application (11.5ms)
Completed 200 OK in 114ms (Views: 110.9ms | ActiveRecord: 0.5ms)


Started GET "/users" for ::1 at 2020-03-20 09:30:32 +0900
Processing by UsersController#index as HTML
  Rendering users/index.html.erb within layouts/application
  [1m[36mUser Load (0.3ms)[0m  [1m[34mSELECT `users`.* FROM `users`[0m
  â†³ app/views/users/index.html.erb:2
  Rendered users/index.html.erb within layouts/application (1.8ms)
Completed 200 OK in 15ms (Views: 13.2ms | ActiveRecord: 0.3ms)


Started DELETE "/user/" for ::1 at 2020-03-20 09:30:35 +0900
  
ActionController::RoutingError (No route matches [DELETE] "/user"):
  
.bundle/ruby/2.6.0/gems/actionpack-5.2.4.2/lib/action_dispatch/middleware/debug_exceptions.rb:65:in `call'
.bundle/ruby/2.6.0/gems/web-console-3.7.0/lib/web_console/middleware.rb:135:in `call_app'
.bundle/ruby/2.6.0/gems/web-console-3.7.0/lib/web_console/middleware.rb:30:in `block in call'
.bundle/ruby/2.6.0/gems/web-console-3.7.0/lib/web_console/middleware.rb:20:in `catch'
.bundle/ruby/2.6.0/gems/web-console-3.7.0/lib/web_console/middleware.rb:20:in `call'
.bundle/ruby/2.6.0/gems/actionpack-5.2.4.2/lib/action_dispatch/middleware/show_exceptions.rb:33:in `call'
.bundle/ruby/2.6.0/gems/railties-5.2.4.2/lib/rails/rack/logger.rb:38:in `call_app'
.bundle/ruby/2.6.0/gems/railties-5.2.4.2/lib/rails/rack/logger.rb:26:in `block in call'
.bundle/ruby/2.6.0/gems/activesupport-5.2.4.2/lib/active_support/tagged_logging.rb:71:in `block in tagged'
.bundle/ruby/2.6.0/gems/activesupport-5.2.4.2/lib/active_support/tagged_logging.rb:28:in `tagged'
.bundle/ruby/2.6.0/gems/activesupport-5.2.4.2/lib/active_support/tagged_logging.rb:71:in `tagged'
.bundle/ruby/2.6.0/gems/railties-5.2.4.2/lib/rails/rack/logger.rb:26:in `call'
.bundle/ruby/2.6.0/gems/sprockets-rails-3.2.1/lib/sprockets/rails/quiet_assets.rb:13:in `call'
.bundle/ruby/2.6.0/gems/actionpack-5.2.4.2/lib/action_dispatch/middleware/remote_ip.rb:81:in `call'
.bundle/ruby/2.6.0/gems/actionpack-5.2.4.2/lib/action_dispatch/middleware/request_id.rb:27:in `call'
.bundle/ruby/2.6.0/gems/rack-2.2.2/lib/rack/method_override.rb:24:in `call'
.bundle/ruby/2.6.0/gems/rack-2.2.2/lib/rack/runtime.rb:22:in `call'
.bundle/ruby/2.6.0/gems/activesupport-5.2.4.2/lib/active_support/cache/strategy/local_cache_middleware.rb:29:in `call'
.bundle/ruby/2.6.0/gems/actionpack-5.2.4.2/lib/action_dispatch/middleware/executor.rb:14:in `call'
.bundle/ruby/2.6.0/gems/actionpack-5.2.4.2/lib/action_dispatch/middleware/static.rb:127:in `call'
.bundle/ruby/2.6.0/gems/rack-2.2.2/lib/rack/sendfile.rb:110:in `call'
.bundle/ruby/2.6.0/gems/railties-5.2.4.2/lib/rails/engine.rb:524:in `call'
.bundle/ruby/2.6.0/gems/puma-3.12.4/lib/puma/configuration.rb:227:in `call'
.bundle/ruby/2.6.0/gems/puma-3.12.4/lib/puma/server.rb:675:in `handle_request'
.bundle/ruby/2.6.0/gems/puma-3.12.4/lib/puma/server.rb:476:in `process_client'
.bundle/ruby/2.6.0/gems/puma-3.12.4/lib/puma/server.rb:334:in `block in run'
.bundle/ruby/2.6.0/gems/puma-3.12.4/lib/puma/thread_pool.rb:135:in `block in spawn_thread'
Started DELETE "/user/" for ::1 at 2020-03-20 09:32:57 +0900
  
ActionController::RoutingError (No route matches [DELETE] "/user"):
  
.bundle/ruby/2.6.0/gems/actionpack-5.2.4.2/lib/action_dispatch/middleware/debug_exceptions.rb:65:in `call'
.bundle/ruby/2.6.0/gems/web-console-3.7.0/lib/web_console/middleware.rb:135:in `call_app'
.bundle/ruby/2.6.0/gems/web-console-3.7.0/lib/web_console/middleware.rb:30:in `block in call'
.bundle/ruby/2.6.0/gems/web-console-3.7.0/lib/web_console/middleware.rb:20:in `catch'
.bundle/ruby/2.6.0/gems/web-console-3.7.0/lib/web_console/middleware.rb:20:in `call'
.bundle/ruby/2.6.0/gems/actionpack-5.2.4.2/lib/action_dispatch/middleware/show_exceptions.rb:33:in `call'
.bundle/ruby/2.6.0/gems/railties-5.2.4.2/lib/rails/rack/logger.rb:38:in `call_app'
.bundle/ruby/2.6.0/gems/railties-5.2.4.2/lib/rails/rack/logger.rb:26:in `block in call'
.bundle/ruby/2.6.0/gems/activesupport-5.2.4.2/lib/active_support/tagged_logging.rb:71:in `block in tagged'
.bundle/ruby/2.6.0/gems/activesupport-5.2.4.2/lib/active_support/tagged_logging.rb:28:in `tagged'
.bundle/ruby/2.6.0/gems/activesupport-5.2.4.2/lib/active_support/tagged_logging.rb:71:in `tagged'
.bundle/ruby/2.6.0/gems/railties-5.2.4.2/lib/rails/rack/logger.rb:26:in `call'
.bundle/ruby/2.6.0/gems/sprockets-rails-3.2.1/lib/sprockets/rails/quiet_assets.rb:13:in `call'
.bundle/ruby/2.6.0/gems/actionpack-5.2.4.2/lib/action_dispatch/middleware/remote_ip.rb:81:in `call'
.bundle/ruby/2.6.0/gems/actionpack-5.2.4.2/lib/action_dispatch/middleware/request_id.rb:27:in `call'
.bundle/ruby/2.6.0/gems/rack-2.2.2/lib/rack/method_override.rb:24:in `call'
.bundle/ruby/2.6.0/gems/rack-2.2.2/lib/rack/runtime.rb:22:in `call'
.bundle/ruby/2.6.0/gems/activesupport-5.2.4.2/lib/active_support/cache/strategy/local_cache_middleware.rb:29:in `call'
.bundle/ruby/2.6.0/gems/actionpack-5.2.4.2/lib/action_dispatch/middleware/executor.rb:14:in `call'
.bundle/ruby/2.6.0/gems/actionpack-5.2.4.2/lib/action_dispatch/middleware/static.rb:127:in `call'
.bundle/ruby/2.6.0/gems/rack-2.2.2/lib/rack/sendfile.rb:110:in `call'
.bundle/ruby/2.6.0/gems/railties-5.2.4.2/lib/rails/engine.rb:524:in `call'
.bundle/ruby/2.6.0/gems/puma-3.12.4/lib/puma/configuration.rb:227:in `call'
.bundle/ruby/2.6.0/gems/puma-3.12.4/lib/puma/server.rb:675:in `handle_request'
.bundle/ruby/2.6.0/gems/puma-3.12.4/lib/puma/server.rb:476:in `process_client'
.bundle/ruby/2.6.0/gems/puma-3.12.4/lib/puma/server.rb:334:in `block in run'
.bundle/ruby/2.6.0/gems/puma-3.12.4/lib/puma/thread_pool.rb:135:in `block in spawn_thread'
Started GET "/users" for ::1 at 2020-03-20 09:33:15 +0900
Processing by UsersController#index as HTML
  Rendering users/index.html.erb within layouts/application
  [1m[36mUser Load (0.4ms)[0m  [1m[34mSELECT `users`.* FROM `users`[0m
  â†³ app/views/users/index.html.erb:2
  Rendered users/index.html.erb within layouts/application (14.6ms)
Completed 200 OK in 68ms (Views: 51.9ms | ActiveRecord: 9.1ms)


Started DELETE "/users/1" for ::1 at 2020-03-20 09:33:18 +0900
Processing by UsersController#destroy as HTML
  Parameters: {"authenticity_token"=>"/Q6h/9eeR92nkVs9VWe4uKozigR97vzmBjIH9bZguKNfhICXOuV4McKr4rvEIYLDsxTjw21/y8v2tcQMynLp5g==", "id"=>"1"}
  [1m[36mUser Load (0.6ms)[0m  [1m[34mSELECT  `users`.* FROM `users` WHERE `users`.`id` = 1 LIMIT 1[0m
  â†³ app/controllers/users_controller.rb:16
  [1m[36mUser Destroy (5.2ms)[0m  [1m[31mDELETE FROM `users` WHERE `users`.`id` = 1[0m
  â†³ app/controllers/users_controller.rb:17
  Rendering users/destroy.html.erb within layouts/application
  Rendered users/destroy.html.erb within layouts/application (0.5ms)
Completed 200 OK in 32ms (Views: 16.1ms | ActiveRecord: 5.7ms)


Started GET "/users/1" for ::1 at 2020-03-20 09:34:06 +0900
  
ActionController::RoutingError (No route matches [GET] "/users/1"):
  
.bundle/ruby/2.6.0/gems/actionpack-5.2.4.2/lib/action_dispatch/middleware/debug_exceptions.rb:65:in `call'
.bundle/ruby/2.6.0/gems/web-console-3.7.0/lib/web_console/middleware.rb:135:in `call_app'
.bundle/ruby/2.6.0/gems/web-console-3.7.0/lib/web_console/middleware.rb:30:in `block in call'
.bundle/ruby/2.6.0/gems/web-console-3.7.0/lib/web_console/middleware.rb:20:in `catch'
.bundle/ruby/2.6.0/gems/web-console-3.7.0/lib/web_console/middleware.rb:20:in `call'
.bundle/ruby/2.6.0/gems/actionpack-5.2.4.2/lib/action_dispatch/middleware/show_exceptions.rb:33:in `call'
.bundle/ruby/2.6.0/gems/railties-5.2.4.2/lib/rails/rack/logger.rb:38:in `call_app'
.bundle/ruby/2.6.0/gems/railties-5.2.4.2/lib/rails/rack/logger.rb:26:in `block in call'
.bundle/ruby/2.6.0/gems/activesupport-5.2.4.2/lib/active_support/tagged_logging.rb:71:in `block in tagged'
.bundle/ruby/2.6.0/gems/activesupport-5.2.4.2/lib/active_support/tagged_logging.rb:28:in `tagged'
.bundle/ruby/2.6.0/gems/activesupport-5.2.4.2/lib/active_support/tagged_logging.rb:71:in `tagged'
.bundle/ruby/2.6.0/gems/railties-5.2.4.2/lib/rails/rack/logger.rb:26:in `call'
.bundle/ruby/2.6.0/gems/sprockets-rails-3.2.1/lib/sprockets/rails/quiet_assets.rb:13:in `call'
.bundle/ruby/2.6.0/gems/actionpack-5.2.4.2/lib/action_dispatch/middleware/remote_ip.rb:81:in `call'
.bundle/ruby/2.6.0/gems/actionpack-5.2.4.2/lib/action_dispatch/middleware/request_id.rb:27:in `call'
.bundle/ruby/2.6.0/gems/rack-2.2.2/lib/rack/method_override.rb:24:in `call'
.bundle/ruby/2.6.0/gems/rack-2.2.2/lib/rack/runtime.rb:22:in `call'
.bundle/ruby/2.6.0/gems/activesupport-5.2.4.2/lib/active_support/cache/strategy/local_cache_middleware.rb:29:in `call'
.bundle/ruby/2.6.0/gems/actionpack-5.2.4.2/lib/action_dispatch/middleware/executor.rb:14:in `call'
.bundle/ruby/2.6.0/gems/actionpack-5.2.4.2/lib/action_dispatch/middleware/static.rb:127:in `call'
.bundle/ruby/2.6.0/gems/rack-2.2.2/lib/rack/sendfile.rb:110:in `call'
.bundle/ruby/2.6.0/gems/railties-5.2.4.2/lib/rails/engine.rb:524:in `call'
.bundle/ruby/2.6.0/gems/puma-3.12.4/lib/puma/configuration.rb:227:in `call'
.bundle/ruby/2.6.0/gems/puma-3.12.4/lib/puma/server.rb:675:in `handle_request'
.bundle/ruby/2.6.0/gems/puma-3.12.4/lib/puma/server.rb:476:in `process_client'
.bundle/ruby/2.6.0/gems/puma-3.12.4/lib/puma/server.rb:334:in `block in run'
.bundle/ruby/2.6.0/gems/puma-3.12.4/lib/puma/thread_pool.rb:135:in `block in spawn_thread'
Started POST "/users" for ::1 at 2020-03-20 09:34:20 +0900
Processing by UsersController#create as HTML
  Parameters: {"utf8"=>"âœ“", "authenticity_token"=>"NssPl/Ebmkb1Vmi5mM7lJo3e+4HTdpomtRa4S5QDEcqUQS7/HGClqpBs0T8JiN9dlPmSRsPnrQtFkXuy6BFAjw==", "user"=>{"name"=>"oosako"}, "commit"=>"Create User"}
  [1m[35m (0.2ms)[0m  [1m[35mBEGIN[0m
  â†³ app/controllers/users_controller.rb:12
  [1m[36mUser Create (2.7ms)[0m  [1m[32mINSERT INTO `users` (`name`, `created_at`, `updated_at`) VALUES ('oosako', '2020-03-20 00:34:20', '2020-03-20 00:34:20')[0m
  â†³ app/controllers/users_controller.rb:12
  [1m[35m (1.6ms)[0m  [1m[35mCOMMIT[0m
  â†³ app/controllers/users_controller.rb:12
  Rendering users/create.html.erb within layouts/application
  Rendered users/create.html.erb within layouts/application (0.4ms)
Completed 200 OK in 32ms (Views: 21.5ms | ActiveRecord: 4.5ms)


Started GET "/users" for ::1 at 2020-03-20 09:34:21 +0900
Processing by UsersController#index as HTML
  Rendering users/index.html.erb within layouts/application
  [1m[36mUser Load (0.6ms)[0m  [1m[34mSELECT `users`.* FROM `users`[0m
  â†³ app/views/users/index.html.erb:2
  Rendered users/index.html.erb within layouts/application (2.1ms)
Completed 200 OK in 39ms (Views: 34.1ms | ActiveRecord: 0.6ms)


Started DELETE "/users/2" for ::1 at 2020-03-20 09:34:25 +0900
Processing by UsersController#destroy as HTML
  Parameters: {"authenticity_token"=>"+ZuJ+8grnR84iHKDX+7UGt7AgoDti9mrbE8NmPHkFO5bEaiTJVCi812yywXOqO5hx+frR/0a7oacyM5hjfZFqw==", "id"=>"2"}
  [1m[36mUser Load (0.3ms)[0m  [1m[34mSELECT  `users`.* FROM `users` WHERE `users`.`id` = 2 LIMIT 1[0m
  â†³ app/controllers/users_controller.rb:16
  [1m[36mUser Destroy (4.1ms)[0m  [1m[31mDELETE FROM `users` WHERE `users`.`id` = 2[0m
  â†³ app/controllers/users_controller.rb:17
  Rendering users/destroy.html.erb within layouts/application
  Rendered users/destroy.html.erb within layouts/application (0.4ms)
Completed 200 OK in 60ms (Views: 50.3ms | ActiveRecord: 4.4ms)


Started GET "/users" for ::1 at 2020-03-20 09:34:26 +0900
Processing by UsersController#index as HTML
  Rendering users/index.html.erb within layouts/application
  [1m[36mUser Load (1.0ms)[0m  [1m[34mSELECT `users`.* FROM `users`[0m
  â†³ app/views/users/index.html.erb:2
  Rendered users/index.html.erb within layouts/application (2.7ms)
Completed 200 OK in 32ms (Views: 28.3ms | ActiveRecord: 1.0ms)


Started GET "/users/2" for ::1 at 2020-03-20 09:35:18 +0900
  
ActionController::RoutingError (No route matches [GET] "/users/2"):
  
.bundle/ruby/2.6.0/gems/actionpack-5.2.4.2/lib/action_dispatch/middleware/debug_exceptions.rb:65:in `call'
.bundle/ruby/2.6.0/gems/web-console-3.7.0/lib/web_console/middleware.rb:135:in `call_app'
.bundle/ruby/2.6.0/gems/web-console-3.7.0/lib/web_console/middleware.rb:30:in `block in call'
.bundle/ruby/2.6.0/gems/web-console-3.7.0/lib/web_console/middleware.rb:20:in `catch'
.bundle/ruby/2.6.0/gems/web-console-3.7.0/lib/web_console/middleware.rb:20:in `call'
.bundle/ruby/2.6.0/gems/actionpack-5.2.4.2/lib/action_dispatch/middleware/show_exceptions.rb:33:in `call'
.bundle/ruby/2.6.0/gems/railties-5.2.4.2/lib/rails/rack/logger.rb:38:in `call_app'
.bundle/ruby/2.6.0/gems/railties-5.2.4.2/lib/rails/rack/logger.rb:26:in `block in call'
.bundle/ruby/2.6.0/gems/activesupport-5.2.4.2/lib/active_support/tagged_logging.rb:71:in `block in tagged'
.bundle/ruby/2.6.0/gems/activesupport-5.2.4.2/lib/active_support/tagged_logging.rb:28:in `tagged'
.bundle/ruby/2.6.0/gems/activesupport-5.2.4.2/lib/active_support/tagged_logging.rb:71:in `tagged'
.bundle/ruby/2.6.0/gems/railties-5.2.4.2/lib/rails/rack/logger.rb:26:in `call'
.bundle/ruby/2.6.0/gems/sprockets-rails-3.2.1/lib/sprockets/rails/quiet_assets.rb:13:in `call'
.bundle/ruby/2.6.0/gems/actionpack-5.2.4.2/lib/action_dispatch/middleware/remote_ip.rb:81:in `call'
.bundle/ruby/2.6.0/gems/actionpack-5.2.4.2/lib/action_dispatch/middleware/request_id.rb:27:in `call'
.bundle/ruby/2.6.0/gems/rack-2.2.2/lib/rack/method_override.rb:24:in `call'
.bundle/ruby/2.6.0/gems/rack-2.2.2/lib/rack/runtime.rb:22:in `call'
.bundle/ruby/2.6.0/gems/activesupport-5.2.4.2/lib/active_support/cache/strategy/local_cache_middleware.rb:29:in `call'
.bundle/ruby/2.6.0/gems/actionpack-5.2.4.2/lib/action_dispatch/middleware/executor.rb:14:in `call'
.bundle/ruby/2.6.0/gems/actionpack-5.2.4.2/lib/action_dispatch/middleware/static.rb:127:in `call'
.bundle/ruby/2.6.0/gems/rack-2.2.2/lib/rack/sendfile.rb:110:in `call'
.bundle/ruby/2.6.0/gems/railties-5.2.4.2/lib/rails/engine.rb:524:in `call'
.bundle/ruby/2.6.0/gems/puma-3.12.4/lib/puma/configuration.rb:227:in `call'
.bundle/ruby/2.6.0/gems/puma-3.12.4/lib/puma/server.rb:675:in `handle_request'
.bundle/ruby/2.6.0/gems/puma-3.12.4/lib/puma/server.rb:476:in `process_client'
.bundle/ruby/2.6.0/gems/puma-3.12.4/lib/puma/server.rb:334:in `block in run'
.bundle/ruby/2.6.0/gems/puma-3.12.4/lib/puma/thread_pool.rb:135:in `block in spawn_thread'
Started GET "/users" for ::1 at 2020-03-20 09:35:21 +0900
Processing by UsersController#index as HTML
  Rendering users/index.html.erb within layouts/application
  [1m[36mUser Load (0.3ms)[0m  [1m[34mSELECT `users`.* FROM `users`[0m
  â†³ app/views/users/index.html.erb:2
  Rendered users/index.html.erb within layouts/application (1.4ms)
Completed 200 OK in 17ms (Views: 15.2ms | ActiveRecord: 0.3ms)


Started GET "/users/new" for ::1 at 2020-03-20 09:35:22 +0900
Processing by UsersController#new as HTML
  Rendering users/new.html.erb within layouts/application
  Rendered users/new.html.erb within layouts/application (2.3ms)
Completed 200 OK in 32ms (Views: 26.7ms | ActiveRecord: 0.0ms)


Started POST "/users" for ::1 at 2020-03-20 09:35:28 +0900
Processing by UsersController#create as HTML
  Parameters: {"utf8"=>"âœ“", "authenticity_token"=>"UQJ2OaTOtygcMEMoshJy68f9vzpceKQToKEbQtK5abuyqa6nVGETfKNWOtPzd/U1PNStt4ieSg4QlgIwemWXTQ==", "user"=>{"name"=>"tada"}, "commit"=>"Create User"}
  [1m[35m (0.4ms)[0m  [1m[35mBEGIN[0m
  â†³ app/controllers/users_controller.rb:12
  [1m[36mUser Create (0.6ms)[0m  [1m[32mINSERT INTO `users` (`name`, `created_at`, `updated_at`) VALUES ('tada', '2020-03-20 00:35:28', '2020-03-20 00:35:28')[0m
  â†³ app/controllers/users_controller.rb:12
  [1m[35m (2.7ms)[0m  [1m[35mCOMMIT[0m
  â†³ app/controllers/users_controller.rb:12
  Rendering users/create.html.erb within layouts/application
  Rendered users/create.html.erb within layouts/application (0.4ms)
Completed 200 OK in 23ms (Views: 13.4ms | ActiveRecord: 3.7ms)


Started GET "/users" for ::1 at 2020-03-20 09:35:29 +0900
Processing by UsersController#index as HTML
  Rendering users/index.html.erb within layouts/application
  [1m[36mUser Load (0.8ms)[0m  [1m[34mSELECT `users`.* FROM `users`[0m
  â†³ app/views/users/index.html.erb:2
  Rendered users/index.html.erb within layouts/application (3.3ms)
Completed 200 OK in 36ms (Views: 31.3ms | ActiveRecord: 0.8ms)


Started GET "/users/new" for ::1 at 2020-03-20 09:35:30 +0900
Processing by UsersController#new as HTML
  Rendering users/new.html.erb within layouts/application
  Rendered users/new.html.erb within layouts/application (1.6ms)
Completed 200 OK in 31ms (Views: 26.9ms | ActiveRecord: 0.0ms)


Started POST "/users" for ::1 at 2020-03-20 09:35:40 +0900
Processing by UsersController#create as HTML
  Parameters: {"utf8"=>"âœ“", "authenticity_token"=>"NH1vhnz3uWqI6QCUeNxbEhU09zENzEC79xcNljpoqu7X1rcYjFgdPjePeW85udzM7h3lvNkqrqZHIBTkkrRUGA==", "user"=>{"name"=>"\btakahashi"}, "commit"=>"Create User"}
  [1m[35m (1.9ms)[0m  [1m[35mBEGIN[0m
  â†³ app/controllers/users_controller.rb:12
  [1m[36mUser Create (0.6ms)[0m  [1m[32mINSERT INTO `users` (`name`, `created_at`, `updated_at`) VALUES ('takahashi', '2020-03-20 00:35:40', '2020-03-20 00:35:40')[0m
  â†³ app/controllers/users_controller.rb:12
  [1m[35m (1.0ms)[0m  [1m[35mCOMMIT[0m
  â†³ app/controllers/users_controller.rb:12
  Rendering users/create.html.erb within layouts/application
  Rendered users/create.html.erb within layouts/application (0.5ms)
Completed 200 OK in 29ms (Views: 18.5ms | ActiveRecord: 3.5ms)


Started GET "/users" for ::1 at 2020-03-20 09:35:42 +0900
Processing by UsersController#index as HTML
  Rendering users/index.html.erb within layouts/application
  [1m[36mUser Load (1.1ms)[0m  [1m[34mSELECT `users`.* FROM `users`[0m
  â†³ app/views/users/index.html.erb:2
  Rendered users/index.html.erb within layouts/application (3.1ms)
Completed 200 OK in 31ms (Views: 27.2ms | ActiveRecord: 1.1ms)


Started GET "/users/new" for ::1 at 2020-03-20 09:35:43 +0900
Processing by UsersController#new as HTML
  Rendering users/new.html.erb within layouts/application
  Rendered users/new.html.erb within layouts/application (1.6ms)
Completed 200 OK in 28ms (Views: 25.3ms | ActiveRecord: 0.0ms)


Started POST "/users" for ::1 at 2020-03-20 09:35:49 +0900
Processing by UsersController#create as HTML
  Parameters: {"utf8"=>"âœ“", "authenticity_token"=>"wz/cCswr1JEo+sI4TcOt/kyoKHXua2Edh+1MOat2nEEglASUPIRwxZecu8MMpiogt4E6+DqNjwA32lVLA6pitw==", "user"=>{"name"=>"ootmo"}, "commit"=>"Create User"}
  [1m[35m (0.3ms)[0m  [1m[35mBEGIN[0m
  â†³ app/controllers/users_controller.rb:12
  [1m[36mUser Create (1.8ms)[0m  [1m[32mINSERT INTO `users` (`name`, `created_at`, `updated_at`) VALUES ('ootmo', '2020-03-20 00:35:49', '2020-03-20 00:35:49')[0m
  â†³ app/controllers/users_controller.rb:12
  [1m[35m (1.5ms)[0m  [1m[35mCOMMIT[0m
  â†³ app/controllers/users_controller.rb:12
  Rendering users/create.html.erb within layouts/application
  Rendered users/create.html.erb within layouts/application (0.4ms)
Completed 200 OK in 23ms (Views: 12.8ms | ActiveRecord: 3.7ms)


Started GET "/users" for ::1 at 2020-03-20 09:35:51 +0900
Processing by UsersController#index as HTML
  Rendering users/index.html.erb within layouts/application
  [1m[36mUser Load (0.3ms)[0m  [1m[34mSELECT `users`.* FROM `users`[0m
  â†³ app/views/users/index.html.erb:2
  Rendered users/index.html.erb within layouts/application (1.4ms)
Completed 200 OK in 52ms (Views: 47.2ms | ActiveRecord: 0.3ms)


Started DELETE "/users/5" for ::1 at 2020-03-20 09:35:54 +0900
Processing by UsersController#destroy as HTML
  Parameters: {"authenticity_token"=>"i6/iTg7Hm4bTTdzeg1zCZc/8HZm/qqkYG6xnTB3Wk5EpJcMm47ykarZ3ZVgSGvge1tt0Xq87njXrK6S1YcTC1A==", "id"=>"5"}
  [1m[36mUser Load (0.3ms)[0m  [1m[34mSELECT  `users`.* FROM `users` WHERE `users`.`id` = 5 LIMIT 1[0m
  â†³ app/controllers/users_controller.rb:16
  [1m[36mUser Destroy (3.0ms)[0m  [1m[31mDELETE FROM `users` WHERE `users`.`id` = 5[0m
  â†³ app/controllers/users_controller.rb:17
  Rendering users/destroy.html.erb within layouts/application
  Rendered users/destroy.html.erb within layouts/application (0.5ms)
Completed 200 OK in 24ms (Views: 17.2ms | ActiveRecord: 3.3ms)


Started GET "/users" for ::1 at 2020-03-20 09:35:55 +0900
Processing by UsersController#index as HTML
  Rendering users/index.html.erb within layouts/application
  [1m[36mUser Load (0.5ms)[0m  [1m[34mSELECT `users`.* FROM `users`[0m
  â†³ app/views/users/index.html.erb:2
  Rendered users/index.html.erb within layouts/application (2.3ms)
Completed 200 OK in 32ms (Views: 27.9ms | ActiveRecord: 0.5ms)


Started DELETE "/users/4" for ::1 at 2020-03-20 09:35:57 +0900
Processing by UsersController#destroy as HTML
  Parameters: {"authenticity_token"=>"7Nampn9e5AH7jIpFORyM7F23tdCD1AlSus+8kN+cJSVOXIfOkiXb7Z62M8OoWraXRJDcF5NFPn9KSH9po450YA==", "id"=>"4"}
  [1m[36mUser Load (0.3ms)[0m  [1m[34mSELECT  `users`.* FROM `users` WHERE `users`.`id` = 4 LIMIT 1[0m
  â†³ app/controllers/users_controller.rb:16
  [1m[36mUser Destroy (2.5ms)[0m  [1m[31mDELETE FROM `users` WHERE `users`.`id` = 4[0m
  â†³ app/controllers/users_controller.rb:17
  Rendering users/destroy.html.erb within layouts/application
  Rendered users/destroy.html.erb within layouts/application (0.8ms)
Completed 200 OK in 27ms (Views: 21.7ms | ActiveRecord: 2.9ms)


Started GET "/users" for ::1 at 2020-03-20 09:35:58 +0900
Processing by UsersController#index as HTML
  Rendering users/index.html.erb within layouts/application
  [1m[36mUser Load (0.8ms)[0m  [1m[34mSELECT `users`.* FROM `users`[0m
  â†³ app/views/users/index.html.erb:2
  Rendered users/index.html.erb within layouts/application (2.6ms)
Completed 200 OK in 31ms (Views: 26.8ms | ActiveRecord: 0.8ms)


Started DELETE "/users/3" for ::1 at 2020-03-20 09:36:00 +0900
Processing by UsersController#destroy as HTML
  Parameters: {"authenticity_token"=>"+r8NpAtzZeSd4SBCOBrbek8Wgn0YXrIiQVtNw5EXnLFYNSzM5ghaCPjbmcSpXOEBVjHrugjPhQ+x3I467QXN9A==", "id"=>"3"}
  [1m[36mUser Load (0.4ms)[0m  [1m[34mSELECT  `users`.* FROM `users` WHERE `users`.`id` = 3 LIMIT 1[0m
  â†³ app/controllers/users_controller.rb:16
  [1m[36mUser Destroy (5.0ms)[0m  [1m[31mDELETE FROM `users` WHERE `users`.`id` = 3[0m
  â†³ app/controllers/users_controller.rb:17
  Rendering users/destroy.html.erb within layouts/application
  Rendered users/destroy.html.erb within layouts/application (0.4ms)
Completed 200 OK in 23ms (Views: 14.5ms | ActiveRecord: 5.4ms)


Started GET "/users" for ::1 at 2020-03-20 09:36:03 +0900
Processing by UsersController#index as HTML
  Rendering users/index.html.erb within layouts/application
  [1m[36mUser Load (1.1ms)[0m  [1m[34mSELECT `users`.* FROM `users`[0m
  â†³ app/views/users/index.html.erb:2
  Rendered users/index.html.erb within layouts/application (2.7ms)
Completed 200 OK in 31ms (Views: 27.2ms | ActiveRecord: 1.1ms)


Started GET "/users/new" for ::1 at 2020-03-20 09:36:04 +0900
Processing by UsersController#new as HTML
  Rendering users/new.html.erb within layouts/application
  Rendered users/new.html.erb within layouts/application (1.8ms)
Completed 200 OK in 33ms (Views: 29.6ms | ActiveRecord: 0.0ms)


Started GET "/" for ::1 at 2020-03-20 11:18:34 +0900
  [1m[35m (2.3ms)[0m  [1m[35mSET NAMES utf8,  @@SESSION.sql_mode = CONCAT(CONCAT(@@sql_mode, ',STRICT_ALL_TABLES'), ',NO_AUTO_VALUE_ON_ZERO'),  @@SESSION.sql_auto_is_null = 0, @@SESSION.wait_timeout = 2147483[0m
  â†³ .bundle/ruby/2.6.0/gems/activerecord-5.2.4.2/lib/active_record/log_subscriber.rb:98
  [1m[35m (2.6ms)[0m  [1m[34mSELECT `schema_migrations`.`version` FROM `schema_migrations` ORDER BY `schema_migrations`.`version` ASC[0m
  â†³ .bundle/ruby/2.6.0/gems/activerecord-5.2.4.2/lib/active_record/log_subscriber.rb:98
Processing by Rails::WelcomeController#index as HTML
  Rendering .bundle/ruby/2.6.0/gems/railties-5.2.4.2/lib/rails/templates/rails/welcome/index.html.erb
  Rendered .bundle/ruby/2.6.0/gems/railties-5.2.4.2/lib/rails/templates/rails/welcome/index.html.erb (6.9ms)
Completed 200 OK in 31ms (Views: 19.0ms | ActiveRecord: 0.0ms)


Started GET "/users/new" for ::1 at 2020-03-20 11:18:38 +0900
Processing by UsersController#new as HTML
  Rendering users/new.html.erb within layouts/application
  Rendered users/new.html.erb within layouts/application (23.2ms)
Completed 200 OK in 425ms (Views: 364.3ms | ActiveRecord: 38.1ms)


Started POST "/users" for ::1 at 2020-03-20 11:18:46 +0900
Processing by UsersController#create as HTML
  Parameters: {"utf8"=>"âœ“", "authenticity_token"=>"yLeXbUlVXMVSxaeKjek6qNqc5moEglG973mrUExhtqxqPbYFpC5jKTf/HgwcrwDTw7uPrRQTZpAf/mipMHPn6Q==", "user"=>{"name"=>"yama"}, "commit"=>"Create User"}
  [1m[35m (0.6ms)[0m  [1m[35mBEGIN[0m
  â†³ app/controllers/users_controller.rb:12
  [1m[36mUser Create (2.3ms)[0m  [1m[32mINSERT INTO `users` (`name`, `created_at`, `updated_at`) VALUES ('yama', '2020-03-20 02:18:46', '2020-03-20 02:18:46')[0m
  â†³ app/controllers/users_controller.rb:12
  [1m[35m (4.2ms)[0m  [1m[35mCOMMIT[0m
  â†³ app/controllers/users_controller.rb:12
  Rendering users/create.html.erb within layouts/application
  Rendered users/create.html.erb within layouts/application (0.7ms)
Completed 200 OK in 69ms (Views: 33.2ms | ActiveRecord: 7.1ms)


Started GET "/users" for ::1 at 2020-03-20 11:18:48 +0900
Processing by UsersController#index as HTML
  Rendering users/index.html.erb within layouts/application
  [1m[36mUser Load (3.1ms)[0m  [1m[34mSELECT `users`.* FROM `users`[0m
  â†³ app/views/users/index.html.erb:2
  Rendered users/index.html.erb within layouts/application (10.8ms)
Completed 200 OK in 41ms (Views: 33.3ms | ActiveRecord: 3.1ms)


Started GET "/users/new" for ::1 at 2020-03-20 11:18:49 +0900
Processing by UsersController#new as HTML
  Rendering users/new.html.erb within layouts/application
  Rendered users/new.html.erb within layouts/application (1.9ms)
Completed 200 OK in 39ms (Views: 36.3ms | ActiveRecord: 0.0ms)


Started POST "/users" for ::1 at 2020-03-20 11:18:53 +0900
Processing by UsersController#create as HTML
  Parameters: {"utf8"=>"âœ“", "authenticity_token"=>"j3A/tvRlxBnCuqgwdSAPFuYQoFetEJxnHnYifTpsFWBs2+coBMpgTX3c0cs0RYjIHTmy2nn2cnquQTsPkrDrlg==", "user"=>{"name"=>"toshi"}, "commit"=>"Create User"}
  [1m[35m (0.2ms)[0m  [1m[35mBEGIN[0m
  â†³ app/controllers/users_controller.rb:12
  [1m[36mUser Create (0.6ms)[0m  [1m[32mINSERT INTO `users` (`name`, `created_at`, `updated_at`) VALUES ('toshi', '2020-03-20 02:18:53', '2020-03-20 02:18:53')[0m
  â†³ app/controllers/users_controller.rb:12
  [1m[35m (0.9ms)[0m  [1m[35mCOMMIT[0m
  â†³ app/controllers/users_controller.rb:12
  Rendering users/create.html.erb within layouts/application
  Rendered users/create.html.erb within layouts/application (0.5ms)
Completed 200 OK in 26ms (Views: 17.6ms | ActiveRecord: 1.7ms)


Started GET "/users" for ::1 at 2020-03-20 11:18:55 +0900
Processing by UsersController#index as HTML
  Rendering users/index.html.erb within layouts/application
  [1m[36mUser Load (2.6ms)[0m  [1m[34mSELECT `users`.* FROM `users`[0m
  â†³ app/views/users/index.html.erb:2
  Rendered users/index.html.erb within layouts/application (4.6ms)
Completed 200 OK in 41ms (Views: 34.7ms | ActiveRecord: 2.6ms)


Started GET "/users/new" for ::1 at 2020-03-20 11:18:57 +0900
Processing by UsersController#new as HTML
  Rendering users/new.html.erb within layouts/application
  Rendered users/new.html.erb within layouts/application (1.9ms)
Completed 200 OK in 41ms (Views: 37.7ms | ActiveRecord: 0.0ms)


Started POST "/users" for ::1 at 2020-03-20 11:19:01 +0900
Processing by UsersController#create as HTML
  Parameters: {"utf8"=>"âœ“", "authenticity_token"=>"o5f9RT/zqVrGgbkVjhEKY3QmB9vx2zDRL9AFX9/biS9APCXbz1wNDnnnwO7PdI29jw8VViU93syf5xwtdwd32Q==", "user"=>{"name"=>"yoshiki"}, "commit"=>"Create User"}
  [1m[35m (0.4ms)[0m  [1m[35mBEGIN[0m
  â†³ app/controllers/users_controller.rb:12
  [1m[36mUser Create (0.7ms)[0m  [1m[32mINSERT INTO `users` (`name`, `created_at`, `updated_at`) VALUES ('yoshiki', '2020-03-20 02:19:01', '2020-03-20 02:19:01')[0m
  â†³ app/controllers/users_controller.rb:12
  [1m[35m (3.0ms)[0m  [1m[35mCOMMIT[0m
  â†³ app/controllers/users_controller.rb:12
  Rendering users/create.html.erb within layouts/application
  Rendered users/create.html.erb within layouts/application (0.6ms)
Completed 200 OK in 37ms (Views: 26.3ms | ActiveRecord: 4.1ms)


Started GET "/users" for ::1 at 2020-03-20 11:19:03 +0900
Processing by UsersController#index as HTML
  Rendering users/index.html.erb within layouts/application
  [1m[36mUser Load (0.6ms)[0m  [1m[34mSELECT `users`.* FROM `users`[0m
  â†³ app/views/users/index.html.erb:2
  Rendered users/index.html.erb within layouts/application (4.6ms)
Completed 200 OK in 40ms (Views: 36.2ms | ActiveRecord: 0.6ms)


Started GET "/users" for ::1 at 2020-03-20 11:23:56 +0900
  [1m[35m (0.5ms)[0m  [1m[35mSET NAMES utf8,  @@SESSION.sql_mode = CONCAT(CONCAT(@@sql_mode, ',STRICT_ALL_TABLES'), ',NO_AUTO_VALUE_ON_ZERO'),  @@SESSION.sql_auto_is_null = 0, @@SESSION.wait_timeout = 2147483[0m
  â†³ .bundle/ruby/2.6.0/gems/activerecord-5.2.4.2/lib/active_record/log_subscriber.rb:98
  [1m[35m (0.5ms)[0m  [1m[34mSELECT `schema_migrations`.`version` FROM `schema_migrations` ORDER BY `schema_migrations`.`version` ASC[0m
  â†³ .bundle/ruby/2.6.0/gems/activerecord-5.2.4.2/lib/active_record/log_subscriber.rb:98
Processing by UsersController#index as HTML
  Rendering users/index.html.erb within layouts/application
  [1m[36mUser Load (1.9ms)[0m  [1m[34mSELECT `users`.* FROM `users`[0m
  â†³ app/views/users/index.html.erb:2
  Rendered users/index.html.erb within layouts/application (81.2ms)
Completed 200 OK in 447ms (Views: 390.5ms | ActiveRecord: 27.4ms)


Started GET "/users" for ::1 at 2020-03-20 11:24:51 +0900
Processing by UsersController#index as HTML
  Rendering users/index.html.erb within layouts/application
  [1m[36mUser Load (0.3ms)[0m  [1m[34mSELECT `users`.* FROM `users`[0m
  â†³ app/views/users/index.html.erb:2
  Rendered users/index.html.erb within layouts/application (1.6ms)
Completed 200 OK in 18ms (Views: 16.1ms | ActiveRecord: 0.3ms)


Started GET "/users/6/edit" for ::1 at 2020-03-20 11:24:53 +0900
Processing by UsersController#edit as HTML
  Parameters: {"authenticity_token"=>"c2xHX/eD37IqbD3j1HJeQFI6ItaGxndKXpEH8TVaLlzR5mY3GvjgXk9WhGVFNGQ7Sx1LEZZXQGeuFsQISUh/GQ==", "id"=>"6"}
  [1m[36mUser Load (0.3ms)[0m  [1m[34mSELECT  `users`.* FROM `users` WHERE `users`.`id` = 6 LIMIT 1[0m
  â†³ app/controllers/users_controller.rb:21
  Rendering users/edit.html.erb within layouts/application
  Rendered users/edit.html.erb within layouts/application (9.9ms)
Completed 200 OK in 31ms (Views: 22.3ms | ActiveRecord: 0.3ms)


Started PATCH "/users/6" for ::1 at 2020-03-20 11:25:01 +0900
Processing by UsersController#update as HTML
  Parameters: {"utf8"=>"âœ“", "authenticity_token"=>"xVTpoqC/yLu23iyxeEgIjN2U90d6R7XvcboaFlL9o3Zn3sjKTcT3V9PklTfpDjL3xLOegGrWgsKBPdnvLu/yMw==", "user"=>{"name"=>"yam", "age"=>""}, "id"=>"6"}
  [1m[36mUser Load (0.5ms)[0m  [1m[34mSELECT  `users`.* FROM `users` WHERE `users`.`id` = 6 LIMIT 1[0m
  â†³ app/controllers/users_controller.rb:25
  [1m[35m (0.2ms)[0m  [1m[35mBEGIN[0m
  â†³ app/controllers/users_controller.rb:26
  [1m[36mUser Update (4.6ms)[0m  [1m[33mUPDATE `users` SET `name` = 'yam', `updated_at` = '2020-03-20 02:25:01' WHERE `users`.`id` = 6[0m
  â†³ app/controllers/users_controller.rb:26
  [1m[35m (2.9ms)[0m  [1m[35mCOMMIT[0m
  â†³ app/controllers/users_controller.rb:26
  Rendering users/update.html.erb within layouts/application
  Rendered users/update.html.erb within layouts/application (0.6ms)
Completed 200 OK in 42ms (Views: 24.9ms | ActiveRecord: 8.2ms)


Started GET "/users" for ::1 at 2020-03-20 11:25:03 +0900
Processing by UsersController#index as HTML
  Rendering users/index.html.erb within layouts/application
  [1m[36mUser Load (0.4ms)[0m  [1m[34mSELECT `users`.* FROM `users`[0m
  â†³ app/views/users/index.html.erb:2
  Rendered users/index.html.erb within layouts/application (50.6ms)
Completed 200 OK in 69ms (Views: 65.6ms | ActiveRecord: 0.4ms)


Started GET "/users/8/edit" for ::1 at 2020-03-20 11:25:06 +0900
Processing by UsersController#edit as HTML
  Parameters: {"authenticity_token"=>"zppF3Id7qLo7rKbJvsZb39/VMzZqwp9qEzA8y942rtRsEGS0agCXVl6WH08vgGGkxvJa8XpTqEfjt/8yoiT/kQ==", "id"=>"8"}
  [1m[36mUser Load (0.4ms)[0m  [1m[34mSELECT  `users`.* FROM `users` WHERE `users`.`id` = 8 LIMIT 1[0m
  â†³ app/controllers/users_controller.rb:21
  Rendering users/edit.html.erb within layouts/application
  Rendered users/edit.html.erb within layouts/application (1.3ms)
Completed 200 OK in 22ms (Views: 16.7ms | ActiveRecord: 0.4ms)


Started PATCH "/users/8" for ::1 at 2020-03-20 11:25:16 +0900
Processing by UsersController#update as HTML
  Parameters: {"utf8"=>"âœ“", "authenticity_token"=>"wU9C0NDD0coFIbSD6pBlpxP9N6nNn5x/kPTupApNArpjxWO4PbjuJmAbDQV71l/cCtpebt0Oq1Jgcy1ddl9T/w==", "user"=>{"name"=>"yoshiki33", "age"=>""}, "id"=>"8"}
  [1m[36mUser Load (0.5ms)[0m  [1m[34mSELECT  `users`.* FROM `users` WHERE `users`.`id` = 8 LIMIT 1[0m
  â†³ app/controllers/users_controller.rb:25
  [1m[35m (0.2ms)[0m  [1m[35mBEGIN[0m
  â†³ app/controllers/users_controller.rb:26
  [1m[36mUser Update (1.9ms)[0m  [1m[33mUPDATE `users` SET `name` = 'yoshiki33', `updated_at` = '2020-03-20 02:25:16' WHERE `users`.`id` = 8[0m
  â†³ app/controllers/users_controller.rb:26
  [1m[35m (2.4ms)[0m  [1m[35mCOMMIT[0m
  â†³ app/controllers/users_controller.rb:26
  Rendering users/update.html.erb within layouts/application
  Rendered users/update.html.erb within layouts/application (0.4ms)
Completed 200 OK in 26ms (Views: 14.5ms | ActiveRecord: 5.0ms)


Started GET "/users" for ::1 at 2020-03-20 11:25:17 +0900
Processing by UsersController#index as HTML
  Rendering users/index.html.erb within layouts/application
  [1m[36mUser Load (2.4ms)[0m  [1m[34mSELECT `users`.* FROM `users`[0m
  â†³ app/views/users/index.html.erb:2
  Rendered users/index.html.erb within layouts/application (5.1ms)
Completed 200 OK in 34ms (Views: 28.7ms | ActiveRecord: 2.4ms)


Started GET "/users/new" for ::1 at 2020-03-20 11:25:20 +0900
Processing by UsersController#new as HTML
  Rendering users/new.html.erb within layouts/application
  Rendered users/new.html.erb within layouts/application (11.5ms)
Completed 200 OK in 40ms (Views: 34.3ms | ActiveRecord: 0.0ms)


Started POST "/users" for ::1 at 2020-03-20 11:25:23 +0900
Processing by UsersController#create as HTML
  Parameters: {"utf8"=>"âœ“", "authenticity_token"=>"cki4j8F8GYtXcycgB9ejQ0kDePrgZ2gdY5njYfDnRiyR42ARMdO93+gVXttGsiSdsipqdzSBhgDTrvoTWDu42g==", "user"=>{"name"=>"pata"}, "commit"=>"Create User"}
  [1m[35m (0.3ms)[0m  [1m[35mBEGIN[0m
  â†³ app/controllers/users_controller.rb:12
  [1m[36mUser Create (2.4ms)[0m  [1m[32mINSERT INTO `users` (`name`, `created_at`, `updated_at`) VALUES ('pata', '2020-03-20 02:25:23', '2020-03-20 02:25:23')[0m
  â†³ app/controllers/users_controller.rb:12
  [1m[35m (9.4ms)[0m  [1m[35mCOMMIT[0m
  â†³ app/controllers/users_controller.rb:12
  Rendering users/create.html.erb within layouts/application
  Rendered users/create.html.erb within layouts/application (0.5ms)
Completed 200 OK in 39ms (Views: 18.8ms | ActiveRecord: 12.1ms)


Started GET "/users" for ::1 at 2020-03-20 11:25:25 +0900
Processing by UsersController#index as HTML
  Rendering users/index.html.erb within layouts/application
  [1m[36mUser Load (2.1ms)[0m  [1m[34mSELECT `users`.* FROM `users`[0m
  â†³ app/views/users/index.html.erb:2
  Rendered users/index.html.erb within layouts/application (4.3ms)
Completed 200 OK in 42ms (Views: 34.8ms | ActiveRecord: 2.1ms)


Started GET "/users/9/edit" for ::1 at 2020-03-20 11:25:27 +0900
Processing by UsersController#edit as HTML
  Parameters: {"authenticity_token"=>"Ier8vBoLfDSjV58B7F3lSwJHsnmBtlBSX2NTcU6Nq3SDYN3U93BD2MZtJod9G98wG2DbvpEnZ3+v5JCIMp/6MQ==", "id"=>"9"}
  [1m[36mUser Load (0.4ms)[0m  [1m[34mSELECT  `users`.* FROM `users` WHERE `users`.`id` = 9 LIMIT 1[0m
  â†³ app/controllers/users_controller.rb:21
  Rendering users/edit.html.erb within layouts/application
  Rendered users/edit.html.erb within layouts/application (1.0ms)
Completed 200 OK in 37ms (Views: 33.8ms | ActiveRecord: 0.4ms)


Started PATCH "/users/9" for ::1 at 2020-03-20 11:25:32 +0900
Processing by UsersController#update as HTML
  Parameters: {"utf8"=>"âœ“", "authenticity_token"=>"iZJF2d4+akUNJMDQc1A2zGuLYYUvaveGSv3a5PjJI64rGGSxM0VVqWgeeVbiFgy3cqwIQj/7wKu6ehkdhNty6w==", "user"=>{"name"=>"pata", "age"=>"1"}, "id"=>"9"}
  [1m[36mUser Load (0.5ms)[0m  [1m[34mSELECT  `users`.* FROM `users` WHERE `users`.`id` = 9 LIMIT 1[0m
  â†³ app/controllers/users_controller.rb:25
  [1m[35m (0.2ms)[0m  [1m[35mBEGIN[0m
  â†³ app/controllers/users_controller.rb:26
  [1m[36mUser Update (2.0ms)[0m  [1m[33mUPDATE `users` SET `age` = 1, `updated_at` = '2020-03-20 02:25:32' WHERE `users`.`id` = 9[0m
  â†³ app/controllers/users_controller.rb:26
  [1m[35m (3.2ms)[0m  [1m[35mCOMMIT[0m
  â†³ app/controllers/users_controller.rb:26
  Rendering users/update.html.erb within layouts/application
  Rendered users/update.html.erb within layouts/application (0.4ms)
Completed 200 OK in 25ms (Views: 12.2ms | ActiveRecord: 5.9ms)


Started GET "/users" for ::1 at 2020-03-20 11:25:33 +0900
Processing by UsersController#index as HTML
  Rendering users/index.html.erb within layouts/application
  [1m[36mUser Load (0.3ms)[0m  [1m[34mSELECT `users`.* FROM `users`[0m
  â†³ app/views/users/index.html.erb:2
  Rendered users/index.html.erb within layouts/application (2.3ms)
Completed 200 OK in 35ms (Views: 30.6ms | ActiveRecord: 0.3ms)


Started GET "/users/9/edit" for ::1 at 2020-03-20 11:25:39 +0900
Processing by UsersController#edit as HTML
  Parameters: {"authenticity_token"=>"qbphJjtXnvB1+tR0qlRl0kreX41Px/7/RATbQvF+6OELMEBO1iyhHBDAbfI7El+pU/k2Sl9WydK0gxi7jWy5pA==", "id"=>"9"}
  [1m[36mUser Load (0.5ms)[0m  [1m[34mSELECT  `users`.* FROM `users` WHERE `users`.`id` = 9 LIMIT 1[0m
  â†³ app/controllers/users_controller.rb:21
  Rendering users/edit.html.erb within layouts/application
  Rendered users/edit.html.erb within layouts/application (1.0ms)
Completed 200 OK in 17ms (Views: 13.5ms | ActiveRecord: 0.5ms)


Started PATCH "/users/9" for ::1 at 2020-03-20 11:25:42 +0900
Processing by UsersController#update as HTML
  Parameters: {"utf8"=>"âœ“", "authenticity_token"=>"vTXrEp89sjHyUpNWAtejak0SmfagkzXDuJ5aUDcVIXAfv8p6ckaN3ZdoKtCTkZkRVDXwMbACAu5IGZmpSwdwNQ==", "user"=>{"name"=>"pata3", "age"=>"1"}, "id"=>"9"}
  [1m[36mUser Load (0.5ms)[0m  [1m[34mSELECT  `users`.* FROM `users` WHERE `users`.`id` = 9 LIMIT 1[0m
  â†³ app/controllers/users_controller.rb:25
  [1m[35m (0.3ms)[0m  [1m[35mBEGIN[0m
  â†³ app/controllers/users_controller.rb:26
  [1m[36mUser Update (0.6ms)[0m  [1m[33mUPDATE `users` SET `name` = 'pata3', `updated_at` = '2020-03-20 02:25:42' WHERE `users`.`id` = 9[0m
  â†³ app/controllers/users_controller.rb:26
  [1m[35m (4.0ms)[0m  [1m[35mCOMMIT[0m
  â†³ app/controllers/users_controller.rb:26
  Rendering users/update.html.erb within layouts/application
  Rendered users/update.html.erb within layouts/application (0.6ms)
Completed 200 OK in 35ms (Views: 21.3ms | ActiveRecord: 5.5ms)


Started GET "/users" for ::1 at 2020-03-20 11:25:45 +0900
Processing by UsersController#index as HTML
  Rendering users/index.html.erb within layouts/application
  [1m[36mUser Load (1.0ms)[0m  [1m[34mSELECT `users`.* FROM `users`[0m
  â†³ app/views/users/index.html.erb:2
  Rendered users/index.html.erb within layouts/application (2.6ms)
Completed 200 OK in 32ms (Views: 28.1ms | ActiveRecord: 1.0ms)


Started DELETE "/users/9" for ::1 at 2020-03-20 11:25:50 +0900
Processing by UsersController#destroy as HTML
  Parameters: {"authenticity_token"=>"XurY05BOn4THE/rfVdX/xUcLcdgaVFregTV9VkV+WWP8YPm7fTWgaKIpQ1nEk8W+XiwYHwrFbfNxsr6vOWwIJg==", "id"=>"9"}
  [1m[36mUser Load (0.3ms)[0m  [1m[34mSELECT  `users`.* FROM `users` WHERE `users`.`id` = 9 LIMIT 1[0m
  â†³ app/controllers/users_controller.rb:16
  [1m[36mUser Destroy (3.9ms)[0m  [1m[31mDELETE FROM `users` WHERE `users`.`id` = 9[0m
  â†³ app/controllers/users_controller.rb:17
  Rendering users/destroy.html.erb within layouts/application
  Rendered users/destroy.html.erb within layouts/application (0.4ms)
Completed 200 OK in 30ms (Views: 18.8ms | ActiveRecord: 4.2ms)


Started GET "/users" for ::1 at 2020-03-20 11:25:51 +0900
Processing by UsersController#index as HTML
  Rendering users/index.html.erb within layouts/application
  [1m[36mUser Load (0.8ms)[0m  [1m[34mSELECT `users`.* FROM `users`[0m
  â†³ app/views/users/index.html.erb:2
  Rendered users/index.html.erb within layouts/application (2.9ms)
Completed 200 OK in 42ms (Views: 37.9ms | ActiveRecord: 0.8ms)


Started GET "/" for ::1 at 2020-03-20 12:11:15 +0900
  [1m[35m (1.4ms)[0m  [1m[35mSET NAMES utf8,  @@SESSION.sql_mode = CONCAT(CONCAT(@@sql_mode, ',STRICT_ALL_TABLES'), ',NO_AUTO_VALUE_ON_ZERO'),  @@SESSION.sql_auto_is_null = 0, @@SESSION.wait_timeout = 2147483[0m
  â†³ .bundle/ruby/2.6.0/gems/activerecord-5.2.4.2/lib/active_record/log_subscriber.rb:98
  [1m[35m (3.3ms)[0m  [1m[34mSELECT `schema_migrations`.`version` FROM `schema_migrations` ORDER BY `schema_migrations`.`version` ASC[0m
  â†³ .bundle/ruby/2.6.0/gems/activerecord-5.2.4.2/lib/active_record/log_subscriber.rb:98
Processing by Rails::WelcomeController#index as HTML
  Rendering .bundle/ruby/2.6.0/gems/railties-5.2.4.2/lib/rails/templates/rails/welcome/index.html.erb
  Rendered .bundle/ruby/2.6.0/gems/railties-5.2.4.2/lib/rails/templates/rails/welcome/index.html.erb (5.4ms)
Completed 200 OK in 29ms (Views: 15.3ms | ActiveRecord: 0.0ms)


Started GET "/users/new" for ::1 at 2020-03-20 12:11:21 +0900
Processing by UsersController#new as HTML
  Rendering users/new.html.erb within layouts/application
  Rendered users/new.html.erb within layouts/application (33.1ms)
Completed 200 OK in 357ms (Views: 304.6ms | ActiveRecord: 38.3ms)


Started GET "/users/nwe" for ::1 at 2020-03-20 12:11:22 +0900
  
ActionController::RoutingError (No route matches [GET] "/users/nwe"):
  
.bundle/ruby/2.6.0/gems/actionpack-5.2.4.2/lib/action_dispatch/middleware/debug_exceptions.rb:65:in `call'
.bundle/ruby/2.6.0/gems/web-console-3.7.0/lib/web_console/middleware.rb:135:in `call_app'
.bundle/ruby/2.6.0/gems/web-console-3.7.0/lib/web_console/middleware.rb:30:in `block in call'
.bundle/ruby/2.6.0/gems/web-console-3.7.0/lib/web_console/middleware.rb:20:in `catch'
.bundle/ruby/2.6.0/gems/web-console-3.7.0/lib/web_console/middleware.rb:20:in `call'
.bundle/ruby/2.6.0/gems/actionpack-5.2.4.2/lib/action_dispatch/middleware/show_exceptions.rb:33:in `call'
.bundle/ruby/2.6.0/gems/railties-5.2.4.2/lib/rails/rack/logger.rb:38:in `call_app'
.bundle/ruby/2.6.0/gems/railties-5.2.4.2/lib/rails/rack/logger.rb:26:in `block in call'
.bundle/ruby/2.6.0/gems/activesupport-5.2.4.2/lib/active_support/tagged_logging.rb:71:in `block in tagged'
.bundle/ruby/2.6.0/gems/activesupport-5.2.4.2/lib/active_support/tagged_logging.rb:28:in `tagged'
.bundle/ruby/2.6.0/gems/activesupport-5.2.4.2/lib/active_support/tagged_logging.rb:71:in `tagged'
.bundle/ruby/2.6.0/gems/railties-5.2.4.2/lib/rails/rack/logger.rb:26:in `call'
.bundle/ruby/2.6.0/gems/sprockets-rails-3.2.1/lib/sprockets/rails/quiet_assets.rb:13:in `call'
.bundle/ruby/2.6.0/gems/actionpack-5.2.4.2/lib/action_dispatch/middleware/remote_ip.rb:81:in `call'
.bundle/ruby/2.6.0/gems/actionpack-5.2.4.2/lib/action_dispatch/middleware/request_id.rb:27:in `call'
.bundle/ruby/2.6.0/gems/rack-2.2.2/lib/rack/method_override.rb:24:in `call'
.bundle/ruby/2.6.0/gems/rack-2.2.2/lib/rack/runtime.rb:22:in `call'
.bundle/ruby/2.6.0/gems/activesupport-5.2.4.2/lib/active_support/cache/strategy/local_cache_middleware.rb:29:in `call'
.bundle/ruby/2.6.0/gems/actionpack-5.2.4.2/lib/action_dispatch/middleware/executor.rb:14:in `call'
.bundle/ruby/2.6.0/gems/actionpack-5.2.4.2/lib/action_dispatch/middleware/static.rb:127:in `call'
.bundle/ruby/2.6.0/gems/rack-2.2.2/lib/rack/sendfile.rb:110:in `call'
.bundle/ruby/2.6.0/gems/railties-5.2.4.2/lib/rails/engine.rb:524:in `call'
.bundle/ruby/2.6.0/gems/puma-3.12.4/lib/puma/configuration.rb:227:in `call'
.bundle/ruby/2.6.0/gems/puma-3.12.4/lib/puma/server.rb:675:in `handle_request'
.bundle/ruby/2.6.0/gems/puma-3.12.4/lib/puma/server.rb:476:in `process_client'
.bundle/ruby/2.6.0/gems/puma-3.12.4/lib/puma/server.rb:334:in `block in run'
.bundle/ruby/2.6.0/gems/puma-3.12.4/lib/puma/thread_pool.rb:135:in `block in spawn_thread'
Started POST "/users" for ::1 at 2020-03-20 12:11:37 +0900
Processing by UsersController#create as HTML
  Parameters: {"utf8"=>"âœ“", "authenticity_token"=>"F6yL/0ZGZ/0sjTy2LRZiykQ3iiga07D9FVUPw/tVK5a1JqqXqz1YEUm3hTC8UFixXRDj7wpCh9Dl0sw6h0d60w==", "user"=>{"name"=>"hide"}, "commit"=>"Create User"}
  [1m[35m (0.2ms)[0m  [1m[35mBEGIN[0m
  â†³ app/controllers/users_controller.rb:12
  [1m[36mUser Create (6.3ms)[0m  [1m[32mINSERT INTO `users` (`name`, `created_at`, `updated_at`) VALUES ('hide', '2020-03-20 03:11:37', '2020-03-20 03:11:37')[0m
  â†³ app/controllers/users_controller.rb:12
  [1m[35m (1.9ms)[0m  [1m[35mCOMMIT[0m
  â†³ app/controllers/users_controller.rb:12
  Rendering users/create.html.erb within layouts/application
  Rendered users/create.html.erb within layouts/application (0.5ms)
Completed 200 OK in 53ms (Views: 34.5ms | ActiveRecord: 8.4ms)


Started GET "/users" for ::1 at 2020-03-20 12:11:38 +0900
Processing by UsersController#index as HTML
  Rendering users/index.html.erb within layouts/application
  [1m[36mUser Load (0.4ms)[0m  [1m[34mSELECT `users`.* FROM `users`[0m
  â†³ app/views/users/index.html.erb:2
  Rendered users/index.html.erb within layouts/application (12.5ms)
Completed 200 OK in 54ms (Views: 44.2ms | ActiveRecord: 0.4ms)


Started GET "/users/6/edit" for ::1 at 2020-03-20 12:11:43 +0900
Processing by UsersController#edit as HTML
  Parameters: {"authenticity_token"=>"/OldK6y6iWQwKE2MIDxflxLmWrYpnxRLewIZNpc603deY3xDQcG2iFUS9AqxemXsC8EzcTkOI2aLhdrP6yiCMg==", "id"=>"6"}
  [1m[36mUser Load (0.3ms)[0m  [1m[34mSELECT  `users`.* FROM `users` WHERE `users`.`id` = 6 LIMIT 1[0m
  â†³ app/controllers/users_controller.rb:21
  Rendering users/edit.html.erb within layouts/application
  Rendered users/edit.html.erb within layouts/application (0.9ms)
Completed 200 OK in 23ms (Views: 12.6ms | ActiveRecord: 0.3ms)


Started PATCH "/users/6" for ::1 at 2020-03-20 12:11:50 +0900
Processing by UsersController#update as HTML
  Parameters: {"utf8"=>"âœ“", "authenticity_token"=>"sKk1gWSZnDidTzX1rvJ6oJ0ClGAEZBpPJF8+UPe5+3sSIxTpieKj1Ph1jHM/tEDbhCX9pxT1LWLU2P2pi6uqPg==", "user"=>{"name"=>"yama", "age"=>""}, "id"=>"6"}
  [1m[36mUser Load (0.5ms)[0m  [1m[34mSELECT  `users`.* FROM `users` WHERE `users`.`id` = 6 LIMIT 1[0m
  â†³ app/controllers/users_controller.rb:25
  [1m[35m (0.6ms)[0m  [1m[35mBEGIN[0m
  â†³ app/controllers/users_controller.rb:26
  [1m[36mUser Update (3.0ms)[0m  [1m[33mUPDATE `users` SET `name` = 'yama', `updated_at` = '2020-03-20 03:11:50' WHERE `users`.`id` = 6[0m
  â†³ app/controllers/users_controller.rb:26
  [1m[35m (2.0ms)[0m  [1m[35mCOMMIT[0m
  â†³ app/controllers/users_controller.rb:26
  Rendering users/update.html.erb within layouts/application
  Rendered users/update.html.erb within layouts/application (0.4ms)
Completed 200 OK in 31ms (Views: 16.4ms | ActiveRecord: 6.0ms)


Started GET "/users" for ::1 at 2020-03-20 12:11:51 +0900
Processing by UsersController#index as HTML
  Rendering users/index.html.erb within layouts/application
  [1m[36mUser Load (1.3ms)[0m  [1m[34mSELECT `users`.* FROM `users`[0m
  â†³ app/views/users/index.html.erb:2
  Rendered users/index.html.erb within layouts/application (4.6ms)
Completed 200 OK in 34ms (Views: 30.7ms | ActiveRecord: 1.3ms)


Started GET "/" for ::1 at 2020-03-22 10:50:37 +0900
  [1m[35m (7.7ms)[0m  [1m[35mSET NAMES utf8,  @@SESSION.sql_mode = CONCAT(CONCAT(@@sql_mode, ',STRICT_ALL_TABLES'), ',NO_AUTO_VALUE_ON_ZERO'),  @@SESSION.sql_auto_is_null = 0, @@SESSION.wait_timeout = 2147483[0m
  â†³ .bundle/ruby/2.6.0/gems/activerecord-5.2.4.2/lib/active_record/log_subscriber.rb:98
  [1m[35m (17.7ms)[0m  [1m[34mSELECT `schema_migrations`.`version` FROM `schema_migrations` ORDER BY `schema_migrations`.`version` ASC[0m
  â†³ .bundle/ruby/2.6.0/gems/activerecord-5.2.4.2/lib/active_record/log_subscriber.rb:98
Processing by Rails::WelcomeController#index as HTML
  Rendering .bundle/ruby/2.6.0/gems/railties-5.2.4.2/lib/rails/templates/rails/welcome/index.html.erb
  Rendered .bundle/ruby/2.6.0/gems/railties-5.2.4.2/lib/rails/templates/rails/welcome/index.html.erb (7.5ms)
Completed 200 OK in 25ms (Views: 17.5ms | ActiveRecord: 0.0ms)


Started GET "/users" for ::1 at 2020-03-22 10:50:40 +0900
Processing by UsersController#index as HTML
  Rendering users/index.html.erb within layouts/application
  [1m[36mUser Load (13.5ms)[0m  [1m[34mSELECT `users`.* FROM `users`[0m
  â†³ app/views/users/index.html.erb:2
  Rendered users/index.html.erb within layouts/application (88.3ms)
Completed 200 OK in 406ms (Views: 318.3ms | ActiveRecord: 76.3ms)


Started GET "/users" for ::1 at 2020-03-22 10:57:44 +0900
  [1m[35m (2.2ms)[0m  [1m[35mSET NAMES utf8,  @@SESSION.sql_mode = CONCAT(CONCAT(@@sql_mode, ',STRICT_ALL_TABLES'), ',NO_AUTO_VALUE_ON_ZERO'),  @@SESSION.sql_auto_is_null = 0, @@SESSION.wait_timeout = 2147483[0m
  â†³ .bundle/ruby/2.6.0/gems/activerecord-5.2.4.2/lib/active_record/log_subscriber.rb:98
Processing by UsersController#index as HTML
  Rendering users/index.html.erb within layouts/application
  [1m[36mUser Load (11.4ms)[0m  [1m[34mSELECT `users`.* FROM `users`[0m
  â†³ app/views/users/index.html.erb:2
  Rendered users/index.html.erb within layouts/application (121.8ms)
Completed 200 OK in 167ms (Views: 48.4ms | ActiveRecord: 111.9ms)


Started GET "/users/6" for ::1 at 2020-03-22 10:57:49 +0900
Processing by UsersController#show as HTML
  Parameters: {"authenticity_token"=>"vX/SIYk4tHXN5M0CLSnmrUUrsM0M3dgHyE3UXsCGU/8f9fNJZEOLmajedIS8b9zWXAzZChxM7yo4yhenvJQCug==", "id"=>"6"}
Completed 500 Internal Server Error in 202ms (ActiveRecord: 0.0ms)


  
NameError (undefined local variable or method `oarams' for #<UsersController:0x00007fd4e9e95e38>
Did you mean?  params
               params=):
  
app/controllers/users_controller.rb:30:in `show'
Started GET "/users/6" for ::1 at 2020-03-22 10:58:13 +0900
Processing by UsersController#show as HTML
  Parameters: {"authenticity_token"=>"vX/SIYk4tHXN5M0CLSnmrUUrsM0M3dgHyE3UXsCGU/8f9fNJZEOLmajedIS8b9zWXAzZChxM7yo4yhenvJQCug==", "id"=>"6"}
  [1m[36mUser Load (0.3ms)[0m  [1m[34mSELECT  `users`.* FROM `users` WHERE `users`.`id` = 6 LIMIT 1[0m
  â†³ app/controllers/users_controller.rb:30
  Rendering users/show.html.erb within layouts/application
  Rendered users/show.html.erb within layouts/application (0.6ms)
Completed 200 OK in 96ms (Views: 56.6ms | ActiveRecord: 19.2ms)


Started GET "/users/6" for ::1 at 2020-03-22 10:58:49 +0900
Processing by UsersController#show as HTML
  Parameters: {"id"=>"6"}
  [1m[36mUser Load (0.3ms)[0m  [1m[34mSELECT  `users`.* FROM `users` WHERE `users`.`id` = 6 LIMIT 1[0m
  â†³ app/controllers/users_controller.rb:30
  Rendering users/show.html.erb within layouts/application
  Rendered users/show.html.erb within layouts/application (0.5ms)
Completed 200 OK in 33ms (Views: 29.5ms | ActiveRecord: 0.3ms)


Started GET "/users" for ::1 at 2020-03-22 10:58:51 +0900
Processing by UsersController#index as HTML
  Rendering users/index.html.erb within layouts/application
  [1m[36mUser Load (0.4ms)[0m  [1m[34mSELECT `users`.* FROM `users`[0m
  â†³ app/views/users/index.html.erb:2
  Rendered users/index.html.erb within layouts/application (4.3ms)
Completed 200 OK in 63ms (Views: 58.2ms | ActiveRecord: 0.4ms)


Started GET "/users/10" for ::1 at 2020-03-22 10:58:52 +0900
Processing by UsersController#show as HTML
  Parameters: {"authenticity_token"=>"yKR58tcjxSgusCTf/kIqsnjflde3SyQyJos1DbnjJ9FqLliaOlj6xEuKnVlvBBDJYfj8EKfaEx/WDPb0xfF2lA==", "id"=>"10"}
  [1m[36mUser Load (0.3ms)[0m  [1m[34mSELECT  `users`.* FROM `users` WHERE `users`.`id` = 10 LIMIT 1[0m
  â†³ app/controllers/users_controller.rb:30
  Rendering users/show.html.erb within layouts/application
  Rendered users/show.html.erb within layouts/application (0.4ms)
Completed 200 OK in 30ms (Views: 14.9ms | ActiveRecord: 0.3ms)


Started GET "/users" for ::1 at 2020-03-22 10:58:54 +0900
Processing by UsersController#index as HTML
  Rendering users/index.html.erb within layouts/application
  [1m[36mUser Load (0.5ms)[0m  [1m[34mSELECT `users`.* FROM `users`[0m
  â†³ app/views/users/index.html.erb:2
  Rendered users/index.html.erb within layouts/application (3.2ms)
Completed 200 OK in 43ms (Views: 38.4ms | ActiveRecord: 0.5ms)


